<?xml version="1.0" encoding="UTF-8"?>
<!-- Generated by org.testng.reporters.JUnitReportReporter -->
<testsuite hostname="Apples-Mac-mini.local" failures="0" tests="1" name="testClass.HomePageTest" time="6.958" errors="0" timestamp="2024-04-08T13:57:13 IST" skipped="0">
  <testcase classname="testClass.HomePageTest" name="loginTestMethod" time="6.958"/>
  <system-out/>
</testsuite> <!-- testClass.HomePageTest -->
