<?xml version="1.0" encoding="UTF-8"?>
<!-- Generated by org.testng.reporters.JUnitReportReporter -->
<testsuite hostname="Apples-Mac-mini.local" failures="0" tests="1" name="testClass.HomePageTest" time="12.856" errors="0" timestamp="2024-03-01T14:38:37 IST" skipped="0">
  <testcase classname="testClass.HomePageTest" name="loginTestMethod" time="12.856"/>
  <system-out/>
</testsuite> <!-- testClass.HomePageTest -->
